myseries/build/outputs/apk/manifest-merger-debug-report.txt
-- Merging decision tree log ---
manifest
ADDED from AndroidManifest.xml:3:1
	xmlns:android
		ADDED from AndroidManifest.xml:3:11
	package
		ADDED from AndroidManifest.xml:4:5
	android:versionName
		ADDED from AndroidManifest.xml:6:5
	android:versionCode
		ADDED from AndroidManifest.xml:5:5
		INJECTED from AndroidManifest.xml:0:0
		INJECTED from AndroidManifest.xml:0:0
uses-permission#android.permission.INTERNET
ADDED from AndroidManifest.xml:8:5
	android:name
		ADDED from AndroidManifest.xml:8:22
uses-permission#android.permission.WRITE_EXTERNAL_STORAGE
ADDED from AndroidManifest.xml:9:5
	android:name
		ADDED from AndroidManifest.xml:9:22
uses-permission#android.permission.ACCESS_NETWORK_STATE
ADDED from AndroidManifest.xml:10:5
	android:name
		ADDED from AndroidManifest.xml:10:22
uses-permission#android.permission.RECEIVE_BOOT_COMPLETED
ADDED from AndroidManifest.xml:11:5
	android:name
		ADDED from AndroidManifest.xml:11:22
uses-permission#android.permission.WAKE_LOCK
ADDED from AndroidManifest.xml:12:5
	android:name
		ADDED from AndroidManifest.xml:12:22
uses-permission#android.permission.GET_ACCOUNTS
ADDED from AndroidManifest.xml:13:5
	android:name
		ADDED from AndroidManifest.xml:13:22
uses-permission#com.android.vending.BILLING
ADDED from AndroidManifest.xml:14:5
	android:name
		ADDED from AndroidManifest.xml:14:22
uses-sdk
ADDED from AndroidManifest.xml:16:5
MERGED from myseries-old:google-play-services_lib:unspecified:7:5
	android:targetSdkVersion
		ADDED from AndroidManifest.xml:18:9
	android:minSdkVersion
		ADDED from AndroidManifest.xml:17:9
application
ADDED from AndroidManifest.xml:20:5
	android:label
		ADDED from AndroidManifest.xml:25:9
	android:allowBackup
		ADDED from AndroidManifest.xml:22:9
	android:icon
		ADDED from AndroidManifest.xml:24:9
	android:theme
		ADDED from AndroidManifest.xml:26:9
	android:hardwareAccelerated
		ADDED from AndroidManifest.xml:23:9
	android:name
		ADDED from AndroidManifest.xml:21:9
activity#mobi.myseries.gui.library.LibraryActivity
ADDED from AndroidManifest.xml:30:9
	android:uiOptions
		ADDED from AndroidManifest.xml:32:13
	android:name
		ADDED from AndroidManifest.xml:31:13
intent-filter#android.intent.action.MAIN+android.intent.category.LAUNCHER
ADDED from AndroidManifest.xml:33:13
action#android.intent.action.MAIN
ADDED from AndroidManifest.xml:34:17
	android:name
		ADDED from AndroidManifest.xml:34:25
category#android.intent.category.LAUNCHER
ADDED from AndroidManifest.xml:36:17
	android:name
		ADDED from AndroidManifest.xml:36:27
activity#mobi.myseries.gui.schedule.singlepane.ScheduleListActivity
ADDED from AndroidManifest.xml:39:9
	android:exported
		ADDED from AndroidManifest.xml:41:13
	android:name
		ADDED from AndroidManifest.xml:40:13
activity#mobi.myseries.gui.schedule.singlepane.ScheduleDetailActivity
ADDED from AndroidManifest.xml:42:9
	android:exported
		ADDED from AndroidManifest.xml:44:13
	android:name
		ADDED from AndroidManifest.xml:43:13
activity#mobi.myseries.gui.schedule.dualpane.ScheduleDualPaneActivity
ADDED from AndroidManifest.xml:45:9
	android:exported
		ADDED from AndroidManifest.xml:47:13
	android:name
		ADDED from AndroidManifest.xml:46:13
activity#mobi.myseries.gui.statistics.StatisticsActivity
ADDED from AndroidManifest.xml:48:9
	android:name
		ADDED from AndroidManifest.xml:48:19
activity#mobi.myseries.gui.features.FeaturesActivity
ADDED from AndroidManifest.xml:49:9
	android:name
		ADDED from AndroidManifest.xml:49:19
activity#mobi.myseries.gui.features.ProductDetailsActivity
ADDED from AndroidManifest.xml:50:9
	android:theme
		ADDED from AndroidManifest.xml:52:13
	android:name
		ADDED from AndroidManifest.xml:51:13
activity#mobi.myseries.gui.addseries.AddSeriesActivity
ADDED from AndroidManifest.xml:53:9
	android:name
		ADDED from AndroidManifest.xml:53:19
meta-data#android.support.PARENT_ACTIVITY
ADDED from AndroidManifest.xml:54:13
	android:name
		ADDED from AndroidManifest.xml:55:17
	android:value
		ADDED from AndroidManifest.xml:56:17
activity#mobi.myseries.gui.settings.SettingsActivity
ADDED from AndroidManifest.xml:58:9
	android:name
		ADDED from AndroidManifest.xml:58:19
activity#mobi.myseries.gui.help.AboutActivity
ADDED from AndroidManifest.xml:63:9
	android:name
		ADDED from AndroidManifest.xml:63:19
activity#mobi.myseries.gui.series.SeriesActivity
ADDED from AndroidManifest.xml:68:9
	android:name
		ADDED from AndroidManifest.xml:68:19
activity#mobi.myseries.gui.episodes.EpisodesActivity
ADDED from AndroidManifest.xml:73:9
	android:name
		ADDED from AndroidManifest.xml:73:19
activity#mobi.myseries.gui.appwidget.ScheduleWidgetPreferenceActivity
ADDED from AndroidManifest.xml:74:9
	android:theme
		ADDED from AndroidManifest.xml:76:13
	android:name
		ADDED from AndroidManifest.xml:75:13
intent-filter#android.appwidget.action.APPWIDGET_CONFIGURE
ADDED from AndroidManifest.xml:77:13
action#android.appwidget.action.APPWIDGET_CONFIGURE
ADDED from AndroidManifest.xml:78:17
	android:name
		ADDED from AndroidManifest.xml:78:25
activity#mobi.myseries.gui.appwidget.ScheduleWidgetDialogActivity
ADDED from AndroidManifest.xml:81:9
	android:theme
		ADDED from AndroidManifest.xml:83:13
	android:name
		ADDED from AndroidManifest.xml:82:13
activity#com.dropbox.client2.android.AuthActivity
ADDED from AndroidManifest.xml:84:9
	android:configChanges
		ADDED from AndroidManifest.xml:86:13
	android:name
		ADDED from AndroidManifest.xml:85:13
	android:launchMode
		ADDED from AndroidManifest.xml:87:13
intent-filter#android.intent.action.VIEW+android.intent.category.BROWSABLE+android.intent.category.DEFAULT
ADDED from AndroidManifest.xml:88:13
data
ADDED from AndroidManifest.xml:91:17
	android:scheme
		ADDED from AndroidManifest.xml:91:23
action#android.intent.action.VIEW
ADDED from AndroidManifest.xml:93:17
	android:name
		ADDED from AndroidManifest.xml:93:25
category#android.intent.category.BROWSABLE
ADDED from AndroidManifest.xml:95:17
	android:name
		ADDED from AndroidManifest.xml:95:27
category#android.intent.category.DEFAULT
ADDED from AndroidManifest.xml:96:17
	android:name
		ADDED from AndroidManifest.xml:96:27
receiver#mobi.myseries.application.notification.service.BootReceiver
ADDED from AndroidManifest.xml:102:9
	android:name
		ADDED from AndroidManifest.xml:102:19
intent-filter#android.intent.action.BOOT_COMPLETED+android.intent.action.QUICKBOOT_POWERON
ADDED from AndroidManifest.xml:103:13
action#android.intent.action.BOOT_COMPLETED
ADDED from AndroidManifest.xml:104:17
	android:name
		ADDED from AndroidManifest.xml:104:25
action#android.intent.action.QUICKBOOT_POWERON
ADDED from AndroidManifest.xml:105:17
	android:name
		ADDED from AndroidManifest.xml:105:25
receiver#mobi.myseries.gui.appwidget.ScheduleWidget
ADDED from AndroidManifest.xml:108:9
	android:label
		ADDED from AndroidManifest.xml:111:13
	android:enabled
		ADDED from AndroidManifest.xml:110:13
	android:name
		ADDED from AndroidManifest.xml:109:13
intent-filter#android.appwidget.action.APPWIDGET_UPDATE
ADDED from AndroidManifest.xml:112:13
action#android.appwidget.action.APPWIDGET_UPDATE
ADDED from AndroidManifest.xml:113:17
	android:name
		ADDED from AndroidManifest.xml:113:25
intent-filter#mobi.myseries.application.broadcast.action.SEEN_MARKUP
ADDED from AndroidManifest.xml:115:13
action#mobi.myseries.application.broadcast.action.SEEN_MARKUP
ADDED from AndroidManifest.xml:116:17
	android:name
		ADDED from AndroidManifest.xml:116:25
intent-filter#mobi.myseries.application.broadcast.action.UPDATE
ADDED from AndroidManifest.xml:118:13
action#mobi.myseries.application.broadcast.action.UPDATE
ADDED from AndroidManifest.xml:119:17
	android:name
		ADDED from AndroidManifest.xml:119:25
intent-filter#mobi.myseries.application.broadcast.action.UPDATE_ALARM
ADDED from AndroidManifest.xml:121:13
action#mobi.myseries.application.broadcast.action.UPDATE_ALARM
ADDED from AndroidManifest.xml:122:17
	android:name
		ADDED from AndroidManifest.xml:122:25
intent-filter#mobi.myseries.application.broadcast.action.ADDITION
ADDED from AndroidManifest.xml:124:13
action#mobi.myseries.application.broadcast.action.ADDITION
ADDED from AndroidManifest.xml:125:17
	android:name
		ADDED from AndroidManifest.xml:125:25
intent-filter#mobi.myseries.application.broadcast.action.REMOVAL
ADDED from AndroidManifest.xml:127:13
action#mobi.myseries.application.broadcast.action.REMOVAL
ADDED from AndroidManifest.xml:128:17
	android:name
		ADDED from AndroidManifest.xml:128:25
meta-data#android.appwidget.provider
ADDED from AndroidManifest.xml:131:13
	android:resource
		ADDED from AndroidManifest.xml:133:17
	android:name
		ADDED from AndroidManifest.xml:132:17
service#mobi.myseries.gui.appwidget.ScheduleWidgetViewsService
ADDED from AndroidManifest.xml:138:9
	android:permission
		ADDED from AndroidManifest.xml:140:13
	android:name
		ADDED from AndroidManifest.xml:139:13
service#mobi.myseries.gui.appwidget.TabService
ADDED from AndroidManifest.xml:141:9
	android:name
		ADDED from AndroidManifest.xml:141:18
service#mobi.myseries.application.notification.service.NotificationScheduler
ADDED from AndroidManifest.xml:142:9
	android:name
		ADDED from AndroidManifest.xml:142:18
service#mobi.myseries.application.notification.service.ScheduledNotificationAgent
ADDED from AndroidManifest.xml:143:9
	android:name
		ADDED from AndroidManifest.xml:143:18
service#mobi.myseries.gui.dashclock.MySeriesDashClockExtension
ADDED from AndroidManifest.xml:144:9
	android:label
		ADDED from AndroidManifest.xml:147:13
	android:icon
		ADDED from AndroidManifest.xml:146:13
	android:permission
		ADDED from AndroidManifest.xml:148:13
	android:name
		ADDED from AndroidManifest.xml:145:13
intent-filter#com.google.android.apps.dashclock.Extension
ADDED from AndroidManifest.xml:149:13
action#com.google.android.apps.dashclock.Extension
ADDED from AndroidManifest.xml:150:17
	android:name
		ADDED from AndroidManifest.xml:150:25
meta-data#protocolVersion
ADDED from AndroidManifest.xml:153:13
	android:name
		ADDED from AndroidManifest.xml:154:17
	android:value
		ADDED from AndroidManifest.xml:155:17
meta-data#worldReadable
ADDED from AndroidManifest.xml:156:13
	android:name
		ADDED from AndroidManifest.xml:157:17
	android:value
		ADDED from AndroidManifest.xml:158:17
meta-data#description
ADDED from AndroidManifest.xml:159:13
	android:name
		ADDED from AndroidManifest.xml:160:17
	android:value
		ADDED from AndroidManifest.xml:161:17
meta-data#com.google.android.gms.version
ADDED from AndroidManifest.xml:164:9
	android:name
		ADDED from AndroidManifest.xml:165:13
	android:value
		ADDED from AndroidManifest.xml:166:13